<?xml version="1.0" encoding="UTF-8"?>
<Site BuildName="(empty)"
	BuildStamp="20231113-1424-Experimental"
	Name="(empty)"
	Generator="ctest-3.16.3"
	CompilerName=""
	CompilerVersion=""
	OSName="Linux"
	Hostname="ZahedLaptop2"
	OSRelease="5.15.0-88-generic"
	OSVersion="#98~20.04.1-Ubuntu SMP Mon Oct 9 16:43:45 UTC 2023"
	OSPlatform="x86_64"
	Is64Bits="1"
	VendorString="GenuineIntel"
	VendorID="Intel Corporation"
	FamilyID="6"
	ModelID="78"
	ProcessorCacheSize="3072"
	NumberOfLogicalCPU="4"
	NumberOfPhysicalCPU="2"
	TotalVirtualMemory="2047"
	TotalPhysicalMemory="11471"
	LogicalProcessorsPerPhysical="2"
	ProcessorClockFrequency="2689.18"
	>
	<Testing>
		<StartDateTime>Nov 13 11:30 EST</StartDateTime>
		<StartTestTime>1699893021</StartTestTime>
		<TestList/>
		<EndDateTime>Nov 13 11:30 EST</EndDateTime>
		<EndTestTime>1699893021</EndTestTime>
		<ElapsedMinutes>0</ElapsedMinutes>
	</Testing>
</Site>
